<?xml version="1.0" encoding="UTF-8"?>
<!-- Generated by org.testng.reporters.JUnitXMLReporter -->
<testsuite hostname="LAZ-TH-L-M-0053" ignored="0" name="OradianInfyTask" tests="3" failures="0" timestamp="18 May 2018 18:01:58 GMT" time="32.082" errors="0">
  <testcase name="loginPageTitleTest" time="0.026" classname="com.infy.qa.testcases.LoginPageTest"/>
  <testcase name="customLogoTest" time="0.083" classname="com.infy.qa.testcases.LoginPageTest"/>
  <testcase name="loginTest" time="3.228" classname="com.infy.qa.testcases.LoginPageTest"/>
</testsuite> <!-- OradianInfyTask -->
