<?xml version="1.0" encoding="UTF-8"?>
<!-- Generated by org.testng.reporters.JUnitXMLReporter -->
<testsuite hostname="LAZ-TH-L-M-0053" ignored="0" name="OradianInfyTask" tests="4" failures="0" timestamp="27 May 2018 17:46:43 GMT" time="67.527" errors="0">
  <testcase name="verifyCreateClientLinkTest" time="2.919" classname="com.infy.qa.testcases.HomePageTest"/>
  <testcase name="verifyHomepageTitleTest" time="0.017" classname="com.infy.qa.testcases.HomePageTest"/>
  <testcase name="verifyUserNameTest" time="0.034" classname="com.infy.qa.testcases.HomePageTest"/>
  <testcase name="verifyUsernameLinkTest" time="1.504" classname="com.infy.qa.testcases.HomePageTest"/>
</testsuite> <!-- OradianInfyTask -->
