<?xml version="1.0" encoding="UTF-8"?>
<testng-results skipped="0" failed="1" ignored="0" total="8" passed="7">
  <reporter-output>
  </reporter-output>
  <suite name="Command line suite" duration-ms="168967" started-at="2018-05-17T02:23:14Z" finished-at="2018-05-17T02:26:03Z">
    <groups>
    </groups>
    <test name="Command line test" duration-ms="168967" started-at="2018-05-17T02:23:14Z" finished-at="2018-05-17T02:26:03Z">
      <class name="com.infy.qa.testcases.HomePageTest">
        <test-method status="PASS" signature="setUp()[pri:0, instance:com.infy.qa.testcases.HomePageTest@69d9c55]" name="setUp" is-config="true" duration-ms="19219" started-at="2018-05-17T02:23:14Z" finished-at="2018-05-17T02:23:33Z">
          <reporter-output>
          </reporter-output>
        </test-method> <!-- setUp -->
        <test-method status="PASS" signature="verifyCreateClientLinkTest()[pri:0, instance:com.infy.qa.testcases.HomePageTest@69d9c55]" name="verifyCreateClientLinkTest" duration-ms="3358" started-at="2018-05-17T02:23:33Z" finished-at="2018-05-17T02:23:36Z">
          <reporter-output>
          </reporter-output>
        </test-method> <!-- verifyCreateClientLinkTest -->
        <test-method status="PASS" signature="tearDown()[pri:0, instance:com.infy.qa.testcases.HomePageTest@69d9c55]" name="tearDown" is-config="true" duration-ms="361" started-at="2018-05-17T02:23:36Z" finished-at="2018-05-17T02:23:37Z">
          <reporter-output>
          </reporter-output>
        </test-method> <!-- tearDown -->
        <test-method status="PASS" signature="setUp()[pri:0, instance:com.infy.qa.testcases.HomePageTest@69d9c55]" name="setUp" is-config="true" duration-ms="18817" started-at="2018-05-17T02:24:22Z" finished-at="2018-05-17T02:24:41Z">
          <reporter-output>
          </reporter-output>
        </test-method> <!-- setUp -->
        <test-method status="PASS" signature="verifyHomepageTitleTest()[pri:1, instance:com.infy.qa.testcases.HomePageTest@69d9c55]" name="verifyHomepageTitleTest" duration-ms="15" started-at="2018-05-17T02:24:41Z" finished-at="2018-05-17T02:24:41Z">
          <reporter-output>
          </reporter-output>
        </test-method> <!-- verifyHomepageTitleTest -->
        <test-method status="PASS" signature="tearDown()[pri:0, instance:com.infy.qa.testcases.HomePageTest@69d9c55]" name="tearDown" is-config="true" duration-ms="256" started-at="2018-05-17T02:24:41Z" finished-at="2018-05-17T02:24:41Z">
          <reporter-output>
          </reporter-output>
        </test-method> <!-- tearDown -->
        <test-method status="PASS" signature="setUp()[pri:0, instance:com.infy.qa.testcases.HomePageTest@69d9c55]" name="setUp" is-config="true" duration-ms="18617" started-at="2018-05-17T02:24:54Z" finished-at="2018-05-17T02:25:12Z">
          <reporter-output>
          </reporter-output>
        </test-method> <!-- setUp -->
        <test-method status="PASS" signature="verifyUserNameTest()[pri:2, instance:com.infy.qa.testcases.HomePageTest@69d9c55]" name="verifyUserNameTest" duration-ms="120" started-at="2018-05-17T02:25:12Z" finished-at="2018-05-17T02:25:12Z">
          <reporter-output>
          </reporter-output>
        </test-method> <!-- verifyUserNameTest -->
        <test-method status="PASS" signature="tearDown()[pri:0, instance:com.infy.qa.testcases.HomePageTest@69d9c55]" name="tearDown" is-config="true" duration-ms="302" started-at="2018-05-17T02:25:12Z" finished-at="2018-05-17T02:25:13Z">
          <reporter-output>
          </reporter-output>
        </test-method> <!-- tearDown -->
        <test-method status="PASS" signature="setUp()[pri:0, instance:com.infy.qa.testcases.HomePageTest@69d9c55]" name="setUp" is-config="true" duration-ms="16456" started-at="2018-05-17T02:25:26Z" finished-at="2018-05-17T02:25:43Z">
          <reporter-output>
          </reporter-output>
        </test-method> <!-- setUp -->
        <test-method status="PASS" signature="verifyUsernameLinkTest()[pri:3, instance:com.infy.qa.testcases.HomePageTest@69d9c55]" name="verifyUsernameLinkTest" duration-ms="2790" started-at="2018-05-17T02:25:43Z" finished-at="2018-05-17T02:25:46Z">
          <reporter-output>
          </reporter-output>
        </test-method> <!-- verifyUsernameLinkTest -->
        <test-method status="PASS" signature="tearDown()[pri:0, instance:com.infy.qa.testcases.HomePageTest@69d9c55]" name="tearDown" is-config="true" duration-ms="328" started-at="2018-05-17T02:25:46Z" finished-at="2018-05-17T02:25:46Z">
          <reporter-output>
          </reporter-output>
        </test-method> <!-- tearDown -->
      </class> <!-- com.infy.qa.testcases.HomePageTest -->
      <class name="com.infy.qa.testcases.LoginPageTest">
        <test-method status="PASS" signature="setUp()[pri:0, instance:com.infy.qa.testcases.LoginPageTest@13a57a3b]" name="setUp" is-config="true" duration-ms="12382" started-at="2018-05-17T02:24:41Z" finished-at="2018-05-17T02:24:53Z">
          <reporter-output>
          </reporter-output>
        </test-method> <!-- setUp -->
        <test-method status="PASS" signature="loginPageTitleTest()[pri:1, instance:com.infy.qa.testcases.LoginPageTest@13a57a3b]" name="loginPageTitleTest" duration-ms="11" started-at="2018-05-17T02:24:53Z" finished-at="2018-05-17T02:24:53Z">
          <reporter-output>
          </reporter-output>
        </test-method> <!-- loginPageTitleTest -->
        <test-method status="PASS" signature="tearDown()[pri:0, instance:com.infy.qa.testcases.LoginPageTest@13a57a3b]" name="tearDown" is-config="true" duration-ms="317" started-at="2018-05-17T02:24:53Z" finished-at="2018-05-17T02:24:54Z">
          <reporter-output>
          </reporter-output>
        </test-method> <!-- tearDown -->
        <test-method status="PASS" signature="setUp()[pri:0, instance:com.infy.qa.testcases.LoginPageTest@13a57a3b]" name="setUp" is-config="true" duration-ms="13273" started-at="2018-05-17T02:25:13Z" finished-at="2018-05-17T02:25:26Z">
          <reporter-output>
          </reporter-output>
        </test-method> <!-- setUp -->
        <test-method status="PASS" signature="customLogoTest()[pri:2, instance:com.infy.qa.testcases.LoginPageTest@13a57a3b]" name="customLogoTest" duration-ms="62" started-at="2018-05-17T02:25:26Z" finished-at="2018-05-17T02:25:26Z">
          <reporter-output>
          </reporter-output>
        </test-method> <!-- customLogoTest -->
        <test-method status="PASS" signature="tearDown()[pri:0, instance:com.infy.qa.testcases.LoginPageTest@13a57a3b]" name="tearDown" is-config="true" duration-ms="281" started-at="2018-05-17T02:25:26Z" finished-at="2018-05-17T02:25:26Z">
          <reporter-output>
          </reporter-output>
        </test-method> <!-- tearDown -->
        <test-method status="PASS" signature="setUp()[pri:0, instance:com.infy.qa.testcases.LoginPageTest@13a57a3b]" name="setUp" is-config="true" duration-ms="12160" started-at="2018-05-17T02:25:46Z" finished-at="2018-05-17T02:25:58Z">
          <reporter-output>
          </reporter-output>
        </test-method> <!-- setUp -->
        <test-method status="PASS" signature="loginTest()[pri:3, instance:com.infy.qa.testcases.LoginPageTest@13a57a3b]" name="loginTest" duration-ms="4294" started-at="2018-05-17T02:25:58Z" finished-at="2018-05-17T02:26:02Z">
          <reporter-output>
          </reporter-output>
        </test-method> <!-- loginTest -->
        <test-method status="PASS" signature="tearDown()[pri:0, instance:com.infy.qa.testcases.LoginPageTest@13a57a3b]" name="tearDown" is-config="true" duration-ms="319" started-at="2018-05-17T02:26:02Z" finished-at="2018-05-17T02:26:03Z">
          <reporter-output>
          </reporter-output>
        </test-method> <!-- tearDown -->
      </class> <!-- com.infy.qa.testcases.LoginPageTest -->
      <class name="com.infy.qa.testcases.ClientPageTest">
        <test-method status="PASS" signature="setUp()[pri:0, instance:com.infy.qa.testcases.ClientPageTest@7f560810]" name="setUp" is-config="true" duration-ms="21349" started-at="2018-05-17T02:23:37Z" finished-at="2018-05-17T02:23:58Z">
          <reporter-output>
          </reporter-output>
        </test-method> <!-- setUp -->
        <test-method status="FAIL" signature="verifyClientPageTitleTest()[pri:1, instance:com.infy.qa.testcases.ClientPageTest@7f560810]" name="verifyClientPageTitleTest" duration-ms="23432" started-at="2018-05-17T02:23:58Z" finished-at="2018-05-17T02:24:22Z">
          <exception class="org.openqa.selenium.NoSuchElementException">
            <message>
              <![CDATA[Unable to locate element: //*[@id="content"]/div[2]/div/div[1]/h2/strong
For documentation on this error, please visit: http://seleniumhq.org/exceptions/no_such_element.html
Build info: version: '3.12.0', revision: '7c6e0b3', time: '2018-05-08T14:04:26.12Z'
System info: host: 'LAZ-TH-L-M-0053', ip: 'fe80:0:0:0:60:1b05:f3f5:95a7%en0', os.name: 'Mac OS X', os.arch: 'x86_64', os.version: '10.13.4', java.version: '1.8.0_162'
Driver info: org.openqa.selenium.firefox.FirefoxDriver
Capabilities {acceptInsecureCerts: true, browserName: firefox, browserVersion: 59.0.2, javascriptEnabled: true, moz:accessibilityChecks: false, moz:headless: false, moz:processID: 30582, moz:profile: /tmp/rust_mozprofile.zpex1t..., moz:useNonSpecCompliantPointerOrigin: false, moz:webdriverClick: true, pageLoadStrategy: normal, platform: MAC, platformName: MAC, platformVersion: 17.5.0, rotatable: false, timeouts: {implicit: 0, pageLoad: 300000, script: 30000}}
Session ID: 9b0b2df9-f5e3-fb45-a79d-5f2b402cf5c9
*** Element info: {Using=xpath, value=//*[@id="content"]/div[2]/div/div[1]/h2/strong}]]>
            </message>
            <full-stacktrace>
              <![CDATA[org.openqa.selenium.NoSuchElementException: Unable to locate element: //*[@id="content"]/div[2]/div/div[1]/h2/strong
For documentation on this error, please visit: http://seleniumhq.org/exceptions/no_such_element.html
Build info: version: '3.12.0', revision: '7c6e0b3', time: '2018-05-08T14:04:26.12Z'
System info: host: 'LAZ-TH-L-M-0053', ip: 'fe80:0:0:0:60:1b05:f3f5:95a7%en0', os.name: 'Mac OS X', os.arch: 'x86_64', os.version: '10.13.4', java.version: '1.8.0_162'
Driver info: org.openqa.selenium.firefox.FirefoxDriver
Capabilities {acceptInsecureCerts: true, browserName: firefox, browserVersion: 59.0.2, javascriptEnabled: true, moz:accessibilityChecks: false, moz:headless: false, moz:processID: 30582, moz:profile: /tmp/rust_mozprofile.zpex1t..., moz:useNonSpecCompliantPointerOrigin: false, moz:webdriverClick: true, pageLoadStrategy: normal, platform: MAC, platformName: MAC, platformVersion: 17.5.0, rotatable: false, timeouts: {implicit: 0, pageLoad: 300000, script: 30000}}
Session ID: 9b0b2df9-f5e3-fb45-a79d-5f2b402cf5c9
*** Element info: {Using=xpath, value=//*[@id="content"]/div[2]/div/div[1]/h2/strong}
at sun.reflect.NativeConstructorAccessorImpl.newInstance0(Native Method)
at sun.reflect.NativeConstructorAccessorImpl.newInstance(NativeConstructorAccessorImpl.java:62)
at sun.reflect.DelegatingConstructorAccessorImpl.newInstance(DelegatingConstructorAccessorImpl.java:45)
at java.lang.reflect.Constructor.newInstance(Constructor.java:423)
at org.openqa.selenium.remote.http.W3CHttpResponseCodec.createException(W3CHttpResponseCodec.java:187)
at org.openqa.selenium.remote.http.W3CHttpResponseCodec.decode(W3CHttpResponseCodec.java:122)
at org.openqa.selenium.remote.http.W3CHttpResponseCodec.decode(W3CHttpResponseCodec.java:49)
at org.openqa.selenium.remote.HttpCommandExecutor.execute(HttpCommandExecutor.java:158)
at org.openqa.selenium.remote.service.DriverCommandExecutor.execute(DriverCommandExecutor.java:83)
at org.openqa.selenium.remote.RemoteWebDriver.execute(RemoteWebDriver.java:543)
at org.openqa.selenium.remote.RemoteWebDriver.findElement(RemoteWebDriver.java:317)
at org.openqa.selenium.remote.RemoteWebDriver.findElementByXPath(RemoteWebDriver.java:419)
at org.openqa.selenium.By$ByXPath.findElement(By.java:353)
at org.openqa.selenium.remote.RemoteWebDriver.findElement(RemoteWebDriver.java:309)
at sun.reflect.NativeMethodAccessorImpl.invoke0(Native Method)
at sun.reflect.NativeMethodAccessorImpl.invoke(NativeMethodAccessorImpl.java:62)
at sun.reflect.DelegatingMethodAccessorImpl.invoke(DelegatingMethodAccessorImpl.java:43)
at java.lang.reflect.Method.invoke(Method.java:498)
at org.openqa.selenium.support.events.EventFiringWebDriver.lambda$new$1(EventFiringWebDriver.java:103)
at com.sun.proxy.$Proxy5.findElement(Unknown Source)
at org.openqa.selenium.support.events.EventFiringWebDriver.findElement(EventFiringWebDriver.java:186)
at org.openqa.selenium.support.pagefactory.DefaultElementLocator.findElement(DefaultElementLocator.java:69)
at org.openqa.selenium.support.pagefactory.internal.LocatingElementHandler.invoke(LocatingElementHandler.java:38)
at com.sun.proxy.$Proxy9.isDisplayed(Unknown Source)
at com.infy.qa.pages.ClientPage.verifyClientPageTitle(ClientPage.java:26)
at com.infy.qa.testcases.ClientPageTest.verifyClientPageTitleTest(ClientPageTest.java:39)
at sun.reflect.NativeMethodAccessorImpl.invoke0(Native Method)
at sun.reflect.NativeMethodAccessorImpl.invoke(NativeMethodAccessorImpl.java:62)
at sun.reflect.DelegatingMethodAccessorImpl.invoke(DelegatingMethodAccessorImpl.java:43)
at java.lang.reflect.Method.invoke(Method.java:498)
at org.testng.internal.MethodInvocationHelper.invokeMethod(MethodInvocationHelper.java:124)
at org.testng.internal.Invoker.invokeMethod(Invoker.java:580)
at org.testng.internal.Invoker.invokeTestMethod(Invoker.java:716)
at org.testng.internal.Invoker.invokeTestMethods(Invoker.java:988)
at org.testng.internal.TestMethodWorker.invokeTestMethods(TestMethodWorker.java:125)
at org.testng.internal.TestMethodWorker.run(TestMethodWorker.java:109)
at org.testng.TestRunner.privateRun(TestRunner.java:648)
at org.testng.TestRunner.run(TestRunner.java:505)
at org.testng.SuiteRunner.runTest(SuiteRunner.java:455)
at org.testng.SuiteRunner.runSequentially(SuiteRunner.java:450)
at org.testng.SuiteRunner.privateRun(SuiteRunner.java:415)
at org.testng.SuiteRunner.run(SuiteRunner.java:364)
at org.testng.SuiteRunnerWorker.runSuite(SuiteRunnerWorker.java:52)
at org.testng.SuiteRunnerWorker.run(SuiteRunnerWorker.java:84)
at org.testng.TestNG.runSuitesSequentially(TestNG.java:1208)
at org.testng.TestNG.runSuitesLocally(TestNG.java:1137)
at org.testng.TestNG.runSuites(TestNG.java:1049)
at org.testng.TestNG.run(TestNG.java:1017)
at org.apache.maven.surefire.testng.TestNGExecutor.run(TestNGExecutor.java:77)
at org.apache.maven.surefire.testng.TestNGDirectoryTestSuite.executeMulti(TestNGDirectoryTestSuite.java:159)
at org.apache.maven.surefire.testng.TestNGDirectoryTestSuite.execute(TestNGDirectoryTestSuite.java:99)
at org.apache.maven.surefire.testng.TestNGProvider.invoke(TestNGProvider.java:106)
at sun.reflect.NativeMethodAccessorImpl.invoke0(Native Method)
at sun.reflect.NativeMethodAccessorImpl.invoke(NativeMethodAccessorImpl.java:62)
at sun.reflect.DelegatingMethodAccessorImpl.invoke(DelegatingMethodAccessorImpl.java:43)
at java.lang.reflect.Method.invoke(Method.java:498)
at org.apache.maven.surefire.util.ReflectionUtils.invokeMethodWithArray(ReflectionUtils.java:189)
at org.apache.maven.surefire.booter.ProviderFactory$ProviderProxy.invoke(ProviderFactory.java:165)
at org.apache.maven.surefire.booter.ProviderFactory.invokeProvider(ProviderFactory.java:85)
at org.apache.maven.surefire.booter.ForkedBooter.runSuitesInProcess(ForkedBooter.java:115)
at org.apache.maven.surefire.booter.ForkedBooter.main(ForkedBooter.java:75)
]]>
            </full-stacktrace>
          </exception> <!-- org.openqa.selenium.NoSuchElementException -->
          <reporter-output>
          </reporter-output>
        </test-method> <!-- verifyClientPageTitleTest -->
        <test-method status="PASS" signature="tearDown()[pri:0, instance:com.infy.qa.testcases.ClientPageTest@7f560810]" name="tearDown" is-config="true" duration-ms="267" started-at="2018-05-17T02:24:22Z" finished-at="2018-05-17T02:24:22Z">
          <reporter-output>
          </reporter-output>
        </test-method> <!-- tearDown -->
      </class> <!-- com.infy.qa.testcases.ClientPageTest -->
    </test> <!-- Command line test -->
  </suite> <!-- Command line suite -->
</testng-results>
