<?xml version="1.0" encoding="UTF-8" ?>
<testsuite tests="8" failures="1" name="TestSuite" time="34.096" errors="0" skipped="0">
  <properties>
[...]
</properties>
  <testcase classname="com.infy.qa.testcases.HomePageTest" name="verifyCreateClientLinkTest" time="3.361"/>
  <testcase classname="com.infy.qa.testcases.ClientPageTest" name="verifyClientPageTitleTest" time="23.442">
    <failure message="Unable to locate element: //*[@id=&quot;content&quot;]/div[2]/div/div[1]/h2/strong
For documentation on this error, please visit: http://seleniumhq.org/exceptions/no_such_element.html
Build info: version: &apos;3.12.0&apos;, revision: &apos;7c6e0b3&apos;, time: &apos;2018-05-08T14:04:26.12Z&apos;
System info: host: &apos;LAZ-TH-L-M-0053&apos;, ip: &apos;fe80:0:0:0:60:1b05:f3f5:95a7%en0&apos;, os.name: &apos;Mac OS X&apos;, os.arch: &apos;x86_64&apos;, os.version: &apos;10.13.4&apos;, java.version: &apos;1.8.0_162&apos;
Driver info: org.openqa.selenium.firefox.FirefoxDriver
Capabilities {acceptInsecureCerts: true, browserName: firefox, browserVersion: 59.0.2, javascriptEnabled: true, moz:accessibilityChecks: false, moz:headless: false, moz:processID: 30582, moz:profile: /tmp/rust_mozprofile.zpex1t..., moz:useNonSpecCompliantPointerOrigin: false, moz:webdriverClick: true, pageLoadStrategy: normal, platform: MAC, platformName: MAC, platformVersion: 17.5.0, rotatable: false, timeouts: {implicit: 0, pageLoad: 300000, script: 30000}}
Session ID: 9b0b2df9-f5e3-fb45-a79d-5f2b402cf5c9
*** Element info: {Using=xpath, value=//*[@id=&quot;content&quot;]/div[2]/div/div[1]/h2/strong}" type="org.openqa.selenium.NoSuchElementException">org.openqa.selenium.NoSuchElementException: Unable to locate element: //*[@id=&quot;content&quot;]/div[2]/div/div[1]/h2/strong
For documentation on this error, please visit: http://seleniumhq.org/exceptions/no_such_element.html
Build info: version: &apos;3.12.0&apos;, revision: &apos;7c6e0b3&apos;, time: &apos;2018-05-08T14:04:26.12Z&apos;
System info: host: &apos;LAZ-TH-L-M-0053&apos;, ip: &apos;fe80:0:0:0:60:1b05:f3f5:95a7%en0&apos;, os.name: &apos;Mac OS X&apos;, os.arch: &apos;x86_64&apos;, os.version: &apos;10.13.4&apos;, java.version: &apos;1.8.0_162&apos;
Driver info: org.openqa.selenium.firefox.FirefoxDriver
Capabilities {acceptInsecureCerts: true, browserName: firefox, browserVersion: 59.0.2, javascriptEnabled: true, moz:accessibilityChecks: false, moz:headless: false, moz:processID: 30582, moz:profile: /tmp/rust_mozprofile.zpex1t..., moz:useNonSpecCompliantPointerOrigin: false, moz:webdriverClick: true, pageLoadStrategy: normal, platform: MAC, platformName: MAC, platformVersion: 17.5.0, rotatable: false, timeouts: {implicit: 0, pageLoad: 300000, script: 30000}}
Session ID: 9b0b2df9-f5e3-fb45-a79d-5f2b402cf5c9
*** Element info: {Using=xpath, value=//*[@id=&quot;content&quot;]/div[2]/div/div[1]/h2/strong}
	at sun.reflect.NativeConstructorAccessorImpl.newInstance0(Native Method)
	at sun.reflect.NativeConstructorAccessorImpl.newInstance(NativeConstructorAccessorImpl.java:62)
	at sun.reflect.DelegatingConstructorAccessorImpl.newInstance(DelegatingConstructorAccessorImpl.java:45)
	at java.lang.reflect.Constructor.newInstance(Constructor.java:423)
	at org.openqa.selenium.remote.http.W3CHttpResponseCodec.createException(W3CHttpResponseCodec.java:187)
	at org.openqa.selenium.remote.http.W3CHttpResponseCodec.decode(W3CHttpResponseCodec.java:122)
	at org.openqa.selenium.remote.http.W3CHttpResponseCodec.decode(W3CHttpResponseCodec.java:49)
	at org.openqa.selenium.remote.HttpCommandExecutor.execute(HttpCommandExecutor.java:158)
	at org.openqa.selenium.remote.service.DriverCommandExecutor.execute(DriverCommandExecutor.java:83)
	at org.openqa.selenium.remote.RemoteWebDriver.execute(RemoteWebDriver.java:543)
	at org.openqa.selenium.remote.RemoteWebDriver.findElement(RemoteWebDriver.java:317)
	at org.openqa.selenium.remote.RemoteWebDriver.findElementByXPath(RemoteWebDriver.java:419)
	at org.openqa.selenium.By$ByXPath.findElement(By.java:353)
	at org.openqa.selenium.remote.RemoteWebDriver.findElement(RemoteWebDriver.java:309)
	at sun.reflect.NativeMethodAccessorImpl.invoke0(Native Method)
	at sun.reflect.NativeMethodAccessorImpl.invoke(NativeMethodAccessorImpl.java:62)
	at sun.reflect.DelegatingMethodAccessorImpl.invoke(DelegatingMethodAccessorImpl.java:43)
	at java.lang.reflect.Method.invoke(Method.java:498)
	at org.openqa.selenium.support.events.EventFiringWebDriver.lambda$new$1(EventFiringWebDriver.java:103)
	at com.sun.proxy.$Proxy5.findElement(Unknown Source)
	at org.openqa.selenium.support.events.EventFiringWebDriver.findElement(EventFiringWebDriver.java:186)
	at org.openqa.selenium.support.pagefactory.DefaultElementLocator.findElement(DefaultElementLocator.java:69)
	at org.openqa.selenium.support.pagefactory.internal.LocatingElementHandler.invoke(LocatingElementHandler.java:38)
	at com.sun.proxy.$Proxy9.isDisplayed(Unknown Source)
	at com.infy.qa.pages.ClientPage.verifyClientPageTitle(ClientPage.java:26)
	at com.infy.qa.testcases.ClientPageTest.verifyClientPageTitleTest(ClientPageTest.java:39)
</failure>
    <system-out>Before navigating to: &apos;https://rajeev.instafin.info/user/login&apos;
Navigated to:&apos;https://rajeev.instafin.info/user/login&apos;
Trying to find Element By : By.id: us1
Found Element By : By.id: us1
Trying to find Element By : By.id: pw1
Found Element By : By.id: pw1
Trying to find Element By : By.xpath: /html/body/div/div/div/div[2]/form/fieldset/button
Found Element By : By.xpath: /html/body/div/div/div/div[2]/form/fieldset/button
Trying to click on: [[FirefoxDriver: firefox on MAC (9b0b2df9-f5e3-fb45-a79d-5f2b402cf5c9)] -&gt; xpath: /html/body/div/div/div/div[2]/form/fieldset/button]
Clicked on: [[FirefoxDriver: firefox on MAC (9b0b2df9-f5e3-fb45-a79d-5f2b402cf5c9)] -&gt; xpath: /html/body/div/div/div/div[2]/form/fieldset/button]
Trying to find Element By : By.xpath: //div[2]/div/div[1]/div/ul/li[3]/a/i
Found Element By : By.xpath: //div[2]/div/div[1]/div/ul/li[3]/a/i
Trying to click on: [[FirefoxDriver: firefox on MAC (9b0b2df9-f5e3-fb45-a79d-5f2b402cf5c9)] -&gt; xpath: //div[2]/div/div[1]/div/ul/li[3]/a/i]
Clicked on: [[FirefoxDriver: firefox on MAC (9b0b2df9-f5e3-fb45-a79d-5f2b402cf5c9)] -&gt; xpath: //div[2]/div/div[1]/div/ul/li[3]/a/i]
Trying to find Element By : By.linkText: Corporate
Found Element By : By.linkText: Corporate
Trying to click on: [[FirefoxDriver: firefox on MAC (9b0b2df9-f5e3-fb45-a79d-5f2b402cf5c9)] -&gt; link text: Corporate]
Clicked on: [[FirefoxDriver: firefox on MAC (9b0b2df9-f5e3-fb45-a79d-5f2b402cf5c9)] -&gt; link text: Corporate]
Trying to find Element By : By.xpath: //*[@id=&quot;content&quot;]/div[2]/div/div[1]/h2/strong
Found Element By : By.xpath: //*[@id=&quot;content&quot;]/div[2]/div/div[1]/h2/strong
Trying to click on: [[FirefoxDriver: firefox on MAC (9b0b2df9-f5e3-fb45-a79d-5f2b402cf5c9)] -&gt; xpath: //*[@id=&quot;content&quot;]/div[2]/div/div[1]/h2/strong]
Clicked on: [[FirefoxDriver: firefox on MAC (9b0b2df9-f5e3-fb45-a79d-5f2b402cf5c9)] -&gt; xpath: //*[@id=&quot;content&quot;]/div[2]/div/div[1]/h2/strong]
Trying to find Element By : By.xpath: //*[@id=&quot;content&quot;]/div[1]/div/h1/a
Found Element By : By.xpath: //*[@id=&quot;content&quot;]/div[1]/div/h1/a
Trying to click on: [[FirefoxDriver: firefox on MAC (9b0b2df9-f5e3-fb45-a79d-5f2b402cf5c9)] -&gt; xpath: //*[@id=&quot;content&quot;]/div[1]/div/h1/a]
Clicked on: [[FirefoxDriver: firefox on MAC (9b0b2df9-f5e3-fb45-a79d-5f2b402cf5c9)] -&gt; xpath: //*[@id=&quot;content&quot;]/div[1]/div/h1/a]
Trying to find Element By : By.xpath: //*[@id=&quot;content&quot;]/div[2]/div/div[1]/h2/strong
Exception occurred: org.openqa.selenium.NoSuchElementException: Unable to locate element: //*[@id=&quot;content&quot;]/div[2]/div/div[1]/h2/strong
For documentation on this error, please visit: http://seleniumhq.org/exceptions/no_such_element.html
Build info: version: &apos;3.12.0&apos;, revision: &apos;7c6e0b3&apos;, time: &apos;2018-05-08T14:04:26.12Z&apos;
System info: host: &apos;LAZ-TH-L-M-0053&apos;, ip: &apos;fe80:0:0:0:60:1b05:f3f5:95a7%en0&apos;, os.name: &apos;Mac OS X&apos;, os.arch: &apos;x86_64&apos;, os.version: &apos;10.13.4&apos;, java.version: &apos;1.8.0_162&apos;
Driver info: org.openqa.selenium.firefox.FirefoxDriver
Capabilities {acceptInsecureCerts: true, browserName: firefox, browserVersion: 59.0.2, javascriptEnabled: true, moz:accessibilityChecks: false, moz:headless: false, moz:processID: 30582, moz:profile: /tmp/rust_mozprofile.zpex1t..., moz:useNonSpecCompliantPointerOrigin: false, moz:webdriverClick: true, pageLoadStrategy: normal, platform: MAC, platformName: MAC, platformVersion: 17.5.0, rotatable: false, timeouts: {implicit: 0, pageLoad: 300000, script: 30000}}
Session ID: 9b0b2df9-f5e3-fb45-a79d-5f2b402cf5c9
*** Element info: {Using=xpath, value=//*[@id=&quot;content&quot;]/div[2]/div/div[1]/h2/strong}
</system-out>
    <system-err>[GFX1-]: Receive IPC close with reason=AbnormalShutdown
1526523817352	geckodriver	INFO	geckodriver 0.19.1
1526523817368	geckodriver	INFO	Listening on 127.0.0.1:7687
1526523818533	mozrunner::runner	INFO	Running command: &quot;/Applications/Firefox.app/Contents/MacOS/firefox-bin&quot; &quot;-marionette&quot; &quot;-profile&quot; &quot;/tmp/rust_mozprofile.zpex1tCns4iY&quot;
1526523819540	Marionette	INFO	Enabled via --marionette
2018-05-17 09:23:40.988 plugin-container[30583:1581999] *** CFMessagePort: bootstrap_register(): failed 1100 (0x44c) &apos;Permission denied&apos;, port = 0x8043, name = &apos;com.apple.tsm.portname&apos;
See /usr/include/servers/bootstrap_defs.h for the error codes.
1526523821504	Marionette	INFO	Listening on port 54459
1526523821552	Marionette	WARN	TLS certificate errors will be ignored for this session
May 17, 2018 9:23:41 AM org.openqa.selenium.remote.ProtocolHandshake createSession
INFO: Detected dialect: W3C
2018-05-17 09:23:42.142 plugin-container[30584:1582089] *** CFMessagePort: bootstrap_register(): failed 1100 (0x44c) &apos;Permission denied&apos;, port = 0x933f, name = &apos;com.apple.tsm.portname&apos;
See /usr/include/servers/bootstrap_defs.h for the error codes.
</system-err>
  </testcase>
  <testcase classname="com.infy.qa.testcases.HomePageTest" name="verifyHomepageTitleTest" time="0.016"/>
  <testcase classname="com.infy.qa.testcases.LoginPageTest" name="loginPageTitleTest" time="0.012"/>
  <testcase classname="com.infy.qa.testcases.HomePageTest" name="verifyUserNameTest" time="0.118"/>
  <testcase classname="com.infy.qa.testcases.LoginPageTest" name="customLogoTest" time="0.063"/>
  <testcase classname="com.infy.qa.testcases.HomePageTest" name="verifyUsernameLinkTest" time="2.791"/>
  <testcase classname="com.infy.qa.testcases.LoginPageTest" name="loginTest" time="4.293"/>
</testsuite>