<?xml version="1.0" encoding="UTF-8"?>
<testng-results skipped="0" failed="1" ignored="0" total="8" passed="7">
  <reporter-output>
  </reporter-output>
  <suite name="Instafin Application Test Automation Test Suite" duration-ms="118941" started-at="2018-05-17T07:02:25Z" finished-at="2018-05-17T07:04:24Z">
    <groups>
    </groups>
    <test name="Full Test Cases Execution" duration-ms="118941" started-at="2018-05-17T07:02:25Z" finished-at="2018-05-17T07:04:24Z">
      <class name="com.infy.qa.testcases.HomePageTest">
        <test-method status="PASS" signature="setUp()[pri:0, instance:com.infy.qa.testcases.HomePageTest@2ef9b8bc]" name="setUp" is-config="true" duration-ms="13726" started-at="2018-05-17T07:02:25Z" finished-at="2018-05-17T07:02:39Z">
          <reporter-output>
          </reporter-output>
        </test-method> <!-- setUp -->
        <test-method status="PASS" signature="verifyCreateClientLinkTest()[pri:0, instance:com.infy.qa.testcases.HomePageTest@2ef9b8bc]" name="verifyCreateClientLinkTest" duration-ms="1454" started-at="2018-05-17T07:02:39Z" finished-at="2018-05-17T07:02:40Z">
          <reporter-output>
          </reporter-output>
        </test-method> <!-- verifyCreateClientLinkTest -->
        <test-method status="PASS" signature="tearDown()[pri:0, instance:com.infy.qa.testcases.HomePageTest@2ef9b8bc]" name="tearDown" is-config="true" duration-ms="256" started-at="2018-05-17T07:02:40Z" finished-at="2018-05-17T07:02:41Z">
          <reporter-output>
          </reporter-output>
        </test-method> <!-- tearDown -->
        <test-method status="PASS" signature="setUp()[pri:0, instance:com.infy.qa.testcases.HomePageTest@2ef9b8bc]" name="setUp" is-config="true" duration-ms="12218" started-at="2018-05-17T07:03:16Z" finished-at="2018-05-17T07:03:28Z">
          <reporter-output>
          </reporter-output>
        </test-method> <!-- setUp -->
        <test-method status="PASS" signature="verifyHomepageTitleTest()[pri:1, instance:com.infy.qa.testcases.HomePageTest@2ef9b8bc]" name="verifyHomepageTitleTest" duration-ms="16" started-at="2018-05-17T07:03:28Z" finished-at="2018-05-17T07:03:28Z">
          <reporter-output>
          </reporter-output>
        </test-method> <!-- verifyHomepageTitleTest -->
        <test-method status="PASS" signature="tearDown()[pri:0, instance:com.infy.qa.testcases.HomePageTest@2ef9b8bc]" name="tearDown" is-config="true" duration-ms="190" started-at="2018-05-17T07:03:28Z" finished-at="2018-05-17T07:03:28Z">
          <reporter-output>
          </reporter-output>
        </test-method> <!-- tearDown -->
        <test-method status="PASS" signature="setUp()[pri:0, instance:com.infy.qa.testcases.HomePageTest@2ef9b8bc]" name="setUp" is-config="true" duration-ms="12891" started-at="2018-05-17T07:03:38Z" finished-at="2018-05-17T07:03:51Z">
          <reporter-output>
          </reporter-output>
        </test-method> <!-- setUp -->
        <test-method status="PASS" signature="verifyUserNameTest()[pri:2, instance:com.infy.qa.testcases.HomePageTest@2ef9b8bc]" name="verifyUserNameTest" duration-ms="70" started-at="2018-05-17T07:03:51Z" finished-at="2018-05-17T07:03:51Z">
          <reporter-output>
          </reporter-output>
        </test-method> <!-- verifyUserNameTest -->
        <test-method status="PASS" signature="tearDown()[pri:0, instance:com.infy.qa.testcases.HomePageTest@2ef9b8bc]" name="tearDown" is-config="true" duration-ms="215" started-at="2018-05-17T07:03:51Z" finished-at="2018-05-17T07:03:51Z">
          <reporter-output>
          </reporter-output>
        </test-method> <!-- tearDown -->
        <test-method status="PASS" signature="setUp()[pri:0, instance:com.infy.qa.testcases.HomePageTest@2ef9b8bc]" name="setUp" is-config="true" duration-ms="11658" started-at="2018-05-17T07:03:59Z" finished-at="2018-05-17T07:04:11Z">
          <reporter-output>
          </reporter-output>
        </test-method> <!-- setUp -->
        <test-method status="PASS" signature="verifyUsernameLinkTest()[pri:3, instance:com.infy.qa.testcases.HomePageTest@2ef9b8bc]" name="verifyUsernameLinkTest" duration-ms="937" started-at="2018-05-17T07:04:11Z" finished-at="2018-05-17T07:04:12Z">
          <reporter-output>
          </reporter-output>
        </test-method> <!-- verifyUsernameLinkTest -->
        <test-method status="PASS" signature="tearDown()[pri:0, instance:com.infy.qa.testcases.HomePageTest@2ef9b8bc]" name="tearDown" is-config="true" duration-ms="250" started-at="2018-05-17T07:04:12Z" finished-at="2018-05-17T07:04:12Z">
          <reporter-output>
          </reporter-output>
        </test-method> <!-- tearDown -->
      </class> <!-- com.infy.qa.testcases.HomePageTest -->
      <class name="com.infy.qa.testcases.LoginPageTest">
        <test-method status="PASS" signature="setUp()[pri:0, instance:com.infy.qa.testcases.LoginPageTest@5d624da6]" name="setUp" is-config="true" duration-ms="9432" started-at="2018-05-17T07:03:28Z" finished-at="2018-05-17T07:03:38Z">
          <reporter-output>
          </reporter-output>
        </test-method> <!-- setUp -->
        <test-method status="PASS" signature="loginPageTitleTest()[pri:1, instance:com.infy.qa.testcases.LoginPageTest@5d624da6]" name="loginPageTitleTest" duration-ms="10" started-at="2018-05-17T07:03:38Z" finished-at="2018-05-17T07:03:38Z">
          <reporter-output>
          </reporter-output>
        </test-method> <!-- loginPageTitleTest -->
        <test-method status="PASS" signature="tearDown()[pri:0, instance:com.infy.qa.testcases.LoginPageTest@5d624da6]" name="tearDown" is-config="true" duration-ms="131" started-at="2018-05-17T07:03:38Z" finished-at="2018-05-17T07:03:38Z">
          <reporter-output>
          </reporter-output>
        </test-method> <!-- tearDown -->
        <test-method status="PASS" signature="setUp()[pri:0, instance:com.infy.qa.testcases.LoginPageTest@5d624da6]" name="setUp" is-config="true" duration-ms="7850" started-at="2018-05-17T07:03:51Z" finished-at="2018-05-17T07:03:59Z">
          <reporter-output>
          </reporter-output>
        </test-method> <!-- setUp -->
        <test-method status="PASS" signature="customLogoTest()[pri:2, instance:com.infy.qa.testcases.LoginPageTest@5d624da6]" name="customLogoTest" duration-ms="53" started-at="2018-05-17T07:03:59Z" finished-at="2018-05-17T07:03:59Z">
          <reporter-output>
          </reporter-output>
        </test-method> <!-- customLogoTest -->
        <test-method status="PASS" signature="tearDown()[pri:0, instance:com.infy.qa.testcases.LoginPageTest@5d624da6]" name="tearDown" is-config="true" duration-ms="158" started-at="2018-05-17T07:03:59Z" finished-at="2018-05-17T07:03:59Z">
          <reporter-output>
          </reporter-output>
        </test-method> <!-- tearDown -->
        <test-method status="PASS" signature="setUp()[pri:0, instance:com.infy.qa.testcases.LoginPageTest@5d624da6]" name="setUp" is-config="true" duration-ms="9014" started-at="2018-05-17T07:04:12Z" finished-at="2018-05-17T07:04:21Z">
          <reporter-output>
          </reporter-output>
        </test-method> <!-- setUp -->
        <test-method status="PASS" signature="loginTest()[pri:3, instance:com.infy.qa.testcases.LoginPageTest@5d624da6]" name="loginTest" duration-ms="2830" started-at="2018-05-17T07:04:21Z" finished-at="2018-05-17T07:04:24Z">
          <reporter-output>
          </reporter-output>
        </test-method> <!-- loginTest -->
        <test-method status="PASS" signature="tearDown()[pri:0, instance:com.infy.qa.testcases.LoginPageTest@5d624da6]" name="tearDown" is-config="true" duration-ms="169" started-at="2018-05-17T07:04:24Z" finished-at="2018-05-17T07:04:24Z">
          <reporter-output>
          </reporter-output>
        </test-method> <!-- tearDown -->
      </class> <!-- com.infy.qa.testcases.LoginPageTest -->
      <class name="com.infy.qa.testcases.ClientPageTest">
        <test-method status="PASS" signature="setUp()[pri:0, instance:com.infy.qa.testcases.ClientPageTest@5315b42e]" name="setUp" is-config="true" duration-ms="13056" started-at="2018-05-17T07:02:41Z" finished-at="2018-05-17T07:02:54Z">
          <reporter-output>
          </reporter-output>
        </test-method> <!-- setUp -->
        <test-method status="FAIL" signature="verifyClientPageTitleTest()[pri:1, instance:com.infy.qa.testcases.ClientPageTest@5315b42e]" name="verifyClientPageTitleTest" duration-ms="22019" started-at="2018-05-17T07:02:54Z" finished-at="2018-05-17T07:03:16Z">
          <exception class="org.openqa.selenium.NoSuchElementException">
            <message>
              <![CDATA[no such element: Unable to locate element: {"method":"xpath","selector":"//*[@id="content"]/div[2]/div/div[1]/h2/strong"}
  (Session info: chrome=66.0.3359.170)
  (Driver info: chromedriver=2.38.552518 (183d19265345f54ce39cbb94cf81ba5f15905011),platform=Mac OS X 10.13.4 x86_64) (WARNING: The server did not provide any stacktrace information)
Command duration or timeout: 0 milliseconds
For documentation on this error, please visit: http://seleniumhq.org/exceptions/no_such_element.html
Build info: version: '3.12.0', revision: '7c6e0b3', time: '2018-05-08T14:04:26.12Z'
System info: host: 'LAZ-TH-L-M-0053', ip: 'fe80:0:0:0:ad:da73:fbe3:502a%en0', os.name: 'Mac OS X', os.arch: 'x86_64', os.version: '10.13.4', java.version: '1.8.0_162'
Driver info: org.openqa.selenium.chrome.ChromeDriver
Capabilities {acceptInsecureCerts: false, acceptSslCerts: false, applicationCacheEnabled: false, browserConnectionEnabled: false, browserName: chrome, chrome: {chromedriverVersion: 2.38.552518 (183d19265345f5..., userDataDir: /var/folders/z3/_h69_9gj07b...}, cssSelectorsEnabled: true, databaseEnabled: false, handlesAlerts: true, hasTouchScreen: false, javascriptEnabled: true, locationContextEnabled: true, mobileEmulationEnabled: false, nativeEvents: true, networkConnectionEnabled: false, pageLoadStrategy: normal, platform: MAC, platformName: MAC, rotatable: false, setWindowRect: true, takesHeapSnapshot: true, takesScreenshot: true, unexpectedAlertBehaviour: , unhandledPromptBehavior: , version: 66.0.3359.170, webStorageEnabled: true}
Session ID: add421f9c0ab957ec921d211f381a4b0
*** Element info: {Using=xpath, value=//*[@id="content"]/div[2]/div/div[1]/h2/strong}]]>
            </message>
            <full-stacktrace>
              <![CDATA[org.openqa.selenium.NoSuchElementException: no such element: Unable to locate element: {"method":"xpath","selector":"//*[@id="content"]/div[2]/div/div[1]/h2/strong"}
  (Session info: chrome=66.0.3359.170)
  (Driver info: chromedriver=2.38.552518 (183d19265345f54ce39cbb94cf81ba5f15905011),platform=Mac OS X 10.13.4 x86_64) (WARNING: The server did not provide any stacktrace information)
Command duration or timeout: 0 milliseconds
For documentation on this error, please visit: http://seleniumhq.org/exceptions/no_such_element.html
Build info: version: '3.12.0', revision: '7c6e0b3', time: '2018-05-08T14:04:26.12Z'
System info: host: 'LAZ-TH-L-M-0053', ip: 'fe80:0:0:0:ad:da73:fbe3:502a%en0', os.name: 'Mac OS X', os.arch: 'x86_64', os.version: '10.13.4', java.version: '1.8.0_162'
Driver info: org.openqa.selenium.chrome.ChromeDriver
Capabilities {acceptInsecureCerts: false, acceptSslCerts: false, applicationCacheEnabled: false, browserConnectionEnabled: false, browserName: chrome, chrome: {chromedriverVersion: 2.38.552518 (183d19265345f5..., userDataDir: /var/folders/z3/_h69_9gj07b...}, cssSelectorsEnabled: true, databaseEnabled: false, handlesAlerts: true, hasTouchScreen: false, javascriptEnabled: true, locationContextEnabled: true, mobileEmulationEnabled: false, nativeEvents: true, networkConnectionEnabled: false, pageLoadStrategy: normal, platform: MAC, platformName: MAC, rotatable: false, setWindowRect: true, takesHeapSnapshot: true, takesScreenshot: true, unexpectedAlertBehaviour: , unhandledPromptBehavior: , version: 66.0.3359.170, webStorageEnabled: true}
Session ID: add421f9c0ab957ec921d211f381a4b0
*** Element info: {Using=xpath, value=//*[@id="content"]/div[2]/div/div[1]/h2/strong}
at sun.reflect.NativeConstructorAccessorImpl.newInstance0(Native Method)
at sun.reflect.NativeConstructorAccessorImpl.newInstance(NativeConstructorAccessorImpl.java:62)
at sun.reflect.DelegatingConstructorAccessorImpl.newInstance(DelegatingConstructorAccessorImpl.java:45)
at java.lang.reflect.Constructor.newInstance(Constructor.java:423)
at org.openqa.selenium.remote.ErrorHandler.createThrowable(ErrorHandler.java:214)
at org.openqa.selenium.remote.ErrorHandler.throwIfResponseFailed(ErrorHandler.java:166)
at org.openqa.selenium.remote.http.JsonHttpResponseCodec.reconstructValue(JsonHttpResponseCodec.java:40)
at org.openqa.selenium.remote.http.AbstractHttpResponseCodec.decode(AbstractHttpResponseCodec.java:80)
at org.openqa.selenium.remote.http.AbstractHttpResponseCodec.decode(AbstractHttpResponseCodec.java:44)
at org.openqa.selenium.remote.HttpCommandExecutor.execute(HttpCommandExecutor.java:158)
at org.openqa.selenium.remote.service.DriverCommandExecutor.execute(DriverCommandExecutor.java:83)
at org.openqa.selenium.remote.RemoteWebDriver.execute(RemoteWebDriver.java:543)
at org.openqa.selenium.remote.RemoteWebDriver.findElement(RemoteWebDriver.java:317)
at org.openqa.selenium.remote.RemoteWebDriver.findElementByXPath(RemoteWebDriver.java:419)
at org.openqa.selenium.By$ByXPath.findElement(By.java:353)
at org.openqa.selenium.remote.RemoteWebDriver.findElement(RemoteWebDriver.java:309)
at sun.reflect.NativeMethodAccessorImpl.invoke0(Native Method)
at sun.reflect.NativeMethodAccessorImpl.invoke(NativeMethodAccessorImpl.java:62)
at sun.reflect.DelegatingMethodAccessorImpl.invoke(DelegatingMethodAccessorImpl.java:43)
at java.lang.reflect.Method.invoke(Method.java:498)
at org.openqa.selenium.support.events.EventFiringWebDriver.lambda$new$1(EventFiringWebDriver.java:103)
at com.sun.proxy.$Proxy6.findElement(Unknown Source)
at org.openqa.selenium.support.events.EventFiringWebDriver.findElement(EventFiringWebDriver.java:186)
at org.openqa.selenium.support.pagefactory.DefaultElementLocator.findElement(DefaultElementLocator.java:69)
at org.openqa.selenium.support.pagefactory.internal.LocatingElementHandler.invoke(LocatingElementHandler.java:38)
at com.sun.proxy.$Proxy10.isDisplayed(Unknown Source)
at com.infy.qa.pages.ClientPage.verifyClientPageTitle(ClientPage.java:26)
at com.infy.qa.testcases.ClientPageTest.verifyClientPageTitleTest(ClientPageTest.java:39)
at sun.reflect.NativeMethodAccessorImpl.invoke0(Native Method)
at sun.reflect.NativeMethodAccessorImpl.invoke(NativeMethodAccessorImpl.java:62)
at sun.reflect.DelegatingMethodAccessorImpl.invoke(DelegatingMethodAccessorImpl.java:43)
at java.lang.reflect.Method.invoke(Method.java:498)
at org.testng.internal.MethodInvocationHelper.invokeMethod(MethodInvocationHelper.java:124)
at org.testng.internal.Invoker.invokeMethod(Invoker.java:580)
at org.testng.internal.Invoker.invokeTestMethod(Invoker.java:716)
at org.testng.internal.Invoker.invokeTestMethods(Invoker.java:988)
at org.testng.internal.TestMethodWorker.invokeTestMethods(TestMethodWorker.java:125)
at org.testng.internal.TestMethodWorker.run(TestMethodWorker.java:109)
at org.testng.TestRunner.privateRun(TestRunner.java:648)
at org.testng.TestRunner.run(TestRunner.java:505)
at org.testng.SuiteRunner.runTest(SuiteRunner.java:455)
at org.testng.SuiteRunner.runSequentially(SuiteRunner.java:450)
at org.testng.SuiteRunner.privateRun(SuiteRunner.java:415)
at org.testng.SuiteRunner.run(SuiteRunner.java:364)
at org.testng.SuiteRunnerWorker.runSuite(SuiteRunnerWorker.java:52)
at org.testng.SuiteRunnerWorker.run(SuiteRunnerWorker.java:84)
at org.testng.TestNG.runSuitesSequentially(TestNG.java:1208)
at org.testng.TestNG.runSuitesLocally(TestNG.java:1137)
at org.testng.TestNG.runSuites(TestNG.java:1049)
at org.testng.TestNG.run(TestNG.java:1017)
at org.testng.IDEARemoteTestNG.run(IDEARemoteTestNG.java:72)
at org.testng.RemoteTestNGStarter.main(RemoteTestNGStarter.java:123)
]]>
            </full-stacktrace>
          </exception> <!-- org.openqa.selenium.NoSuchElementException -->
          <reporter-output>
          </reporter-output>
        </test-method> <!-- verifyClientPageTitleTest -->
        <test-method status="PASS" signature="tearDown()[pri:0, instance:com.infy.qa.testcases.ClientPageTest@5315b42e]" name="tearDown" is-config="true" duration-ms="260" started-at="2018-05-17T07:03:16Z" finished-at="2018-05-17T07:03:16Z">
          <reporter-output>
          </reporter-output>
        </test-method> <!-- tearDown -->
      </class> <!-- com.infy.qa.testcases.ClientPageTest -->
    </test> <!-- Full Test Cases Execution -->
  </suite> <!-- Instafin Application Test Automation Test Suite -->
</testng-results>
