<?xml version="1.0" encoding="UTF-8"?>
<testng-results skipped="0" failed="0" ignored="0" total="1" passed="1">
  <reporter-output>
  </reporter-output>
  <suite name="Instafin Application Test Automation Test Suite" duration-ms="17955" started-at="2018-05-18T13:08:28Z" finished-at="2018-05-18T13:08:46Z">
    <groups>
    </groups>
    <test name="Instafin App Test Cases" duration-ms="17955" started-at="2018-05-18T13:08:28Z" finished-at="2018-05-18T13:08:46Z">
      <class name="com.infy.qa.testcases.HomePageTest">
        <test-method status="PASS" signature="setUp()[pri:0, instance:com.infy.qa.testcases.HomePageTest@13fee20c]" name="setUp" is-config="true" duration-ms="15891" started-at="2018-05-18T13:08:28Z" finished-at="2018-05-18T13:08:44Z">
          <reporter-output>
          </reporter-output>
        </test-method> <!-- setUp -->
        <test-method status="PASS" signature="verifyCreateClientLinkTest()[pri:0, instance:com.infy.qa.testcases.HomePageTest@13fee20c]" name="verifyCreateClientLinkTest" duration-ms="1710" started-at="2018-05-18T13:08:44Z" finished-at="2018-05-18T13:08:46Z">
          <reporter-output>
          </reporter-output>
        </test-method> <!-- verifyCreateClientLinkTest -->
        <test-method status="PASS" signature="tearDown()[pri:0, instance:com.infy.qa.testcases.HomePageTest@13fee20c]" name="tearDown" is-config="true" duration-ms="243" started-at="2018-05-18T13:08:46Z" finished-at="2018-05-18T13:08:46Z">
          <reporter-output>
          </reporter-output>
        </test-method> <!-- tearDown -->
      </class> <!-- com.infy.qa.testcases.HomePageTest -->
    </test> <!-- Instafin App Test Cases -->
  </suite> <!-- Instafin Application Test Automation Test Suite -->
</testng-results>
